<?xml version="1.0" encoding="UTF-8"?>
<!-- Generated by org.testng.reporters.JUnitReportReporter -->
<testsuite hostname="DESKTOP-R05C0VE" failures="0" tests="6" name="com.Orange.testCases.EmployeeListTest" time="139.475" errors="0" timestamp="26 Jun 2022 03:11:46 GMT">
  <testcase classname="com.Orange.testCases.EmployeeListTest" name="AddEmployees" time="24.775"/>
  <testcase classname="com.Orange.testCases.EmployeeListTest" name="AddEmployees" time="20.809"/>
  <testcase classname="com.Orange.testCases.EmployeeListTest" name="AddEmployees" time="23.068"/>
  <testcase classname="com.Orange.testCases.EmployeeListTest" name="AddEmployees" time="23.396"/>
  <testcase classname="com.Orange.testCases.EmployeeListTest" name="AddEmployees" time="25.169"/>
  <testcase classname="com.Orange.testCases.EmployeeListTest" name="AddEmployees" time="22.258"/>
</testsuite> <!-- com.Orange.testCases.EmployeeListTest -->
