<?xml version="1.0" encoding="UTF-8"?>
<!-- Generated by org.testng.reporters.JUnitReportReporter -->
<testsuite hostname="DESKTOP-R05C0VE" failures="0" tests="6" name="com.Orange.testCases.EmployeeListTest" time="140.939" errors="0" timestamp="25 Jun 2022 07:11:28 GMT">
  <testcase classname="com.Orange.testCases.EmployeeListTest" name="AddEmployees" time="23.290"/>
  <testcase classname="com.Orange.testCases.EmployeeListTest" name="AddEmployees" time="21.058"/>
  <testcase classname="com.Orange.testCases.EmployeeListTest" name="AddEmployees" time="23.743"/>
  <testcase classname="com.Orange.testCases.EmployeeListTest" name="AddEmployees" time="23.725"/>
  <testcase classname="com.Orange.testCases.EmployeeListTest" name="AddEmployees" time="27.805"/>
  <testcase classname="com.Orange.testCases.EmployeeListTest" name="AddEmployees" time="21.318"/>
</testsuite> <!-- com.Orange.testCases.EmployeeListTest -->
