<?xml version="1.0" encoding="UTF-8"?>
<!-- Generated by org.testng.reporters.JUnitReportReporter -->
<testsuite hostname="DESKTOP-R05C0VE" failures="0" tests="1" name="com.Orange.testCases.LoginPageTest" time="15.370" errors="0" timestamp="26 Jun 2022 03:11:46 GMT">
  <testcase classname="com.Orange.testCases.LoginPageTest" name="loginValidation" time="15.370"/>
</testsuite> <!-- com.Orange.testCases.LoginPageTest -->
