<?xml version="1.0" encoding="UTF-8"?>
<!-- Generated by org.testng.reporters.JUnitReportReporter -->
<testsuite hostname="DESKTOP-R05C0VE" failures="0" tests="1" name="com.Orange.testCases.LoginPageTest" time="14.801" errors="0" timestamp="25 Jun 2022 07:28:35 GMT">
  <testcase classname="com.Orange.testCases.LoginPageTest" name="loginValidation" time="14.801"/>
</testsuite> <!-- com.Orange.testCases.LoginPageTest -->
